{"/Users/moon/Developments/graduate-school/toby-ddd2/src/app.module.ts": {"path":"/Users/moon/Developments/graduate-school/toby-ddd2/src/app.module.ts","statementMap":{"0":{"start":{"line":1,"column":0},"end":{"line":1,"column":40}},"1":{"start":{"line":2,"column":0},"end":{"line":2,"column":46}},"2":{"start":{"line":3,"column":0},"end":{"line":3,"column":48}},"3":{"start":{"line":4,"column":0},"end":{"line":4,"column":41}},"4":{"start":{"line":5,"column":0},"end":{"line":5,"column":59}},"5":{"start":{"line":29,"column":7},"end":{"line":29,"column":null}},"6":{"start":{"line":29,"column":13},"end":{"line":29,"column":22}},"7":{"start":{"line":29,"column":13},"end":{"line":29,"column":null}}},"fnMap":{},"branchMap":{},"s":{"0":4,"1":4,"2":4,"3":4,"4":4,"5":4,"6":4,"7":4},"f":{},"b":{}}
,"/Users/moon/Developments/graduate-school/toby-ddd2/src/main.ts": {"path":"/Users/moon/Developments/graduate-school/toby-ddd2/src/main.ts","statementMap":{"0":{"start":{"line":1,"column":0},"end":{"line":1,"column":43}},"1":{"start":{"line":2,"column":0},"end":{"line":2,"column":41}},"2":{"start":{"line":3,"column":0},"end":{"line":3,"column":66}},"3":{"start":{"line":6,"column":32},"end":{"line":6,"column":67}},"4":{"start":{"line":8,"column":2},"end":{"line":14,"column":4}},"5":{"start":{"line":16,"column":2},"end":{"line":16,"column":45}},"6":{"start":{"line":18,"column":0},"end":{"line":18,"column":12}}},"fnMap":{"0":{"name":"bootstrap","decl":{"start":{"line":5,"column":15},"end":{"line":5,"column":24}},"loc":{"start":{"line":5,"column":24},"end":{"line":17,"column":1}}}},"branchMap":{"0":{"loc":{"start":{"line":16,"column":19},"end":{"line":16,"column":43}},"type":"binary-expr","locations":[{"start":{"line":16,"column":19},"end":{"line":16,"column":35}},{"start":{"line":16,"column":39},"end":{"line":16,"column":43}}]}},"s":{"0":0,"1":0,"2":0,"3":0,"4":0,"5":0,"6":0},"f":{"0":0},"b":{"0":[0,0]}}
,"/Users/moon/Developments/graduate-school/toby-ddd2/src/adapter/integration/dummy-email-sender.ts": {"path":"/Users/moon/Developments/graduate-school/toby-ddd2/src/adapter/integration/dummy-email-sender.ts","statementMap":{"0":{"start":{"line":6,"column":4},"end":{"line":6,"column":70}},"1":{"start":{"line":4,"column":0},"end":{"line":4,"column":13}}},"fnMap":{"0":{"name":"(anonymous_0)","decl":{"start":{"line":5,"column":2},"end":{"line":5,"column":6}},"loc":{"start":{"line":5,"column":50},"end":{"line":7,"column":3}}}},"branchMap":{},"s":{"0":1,"1":1},"f":{"0":1},"b":{}}
,"/Users/moon/Developments/graduate-school/toby-ddd2/src/adapter/persistence/member-repository-impl.ts": {"path":"/Users/moon/Developments/graduate-school/toby-ddd2/src/adapter/persistence/member-repository-impl.ts","statementMap":{"0":{"start":{"line":3,"column":0},"end":{"line":3,"column":41}},"1":{"start":{"line":4,"column":0},"end":{"line":4,"column":51}},"2":{"start":{"line":5,"column":0},"end":{"line":5,"column":37}},"3":{"start":{"line":6,"column":0},"end":{"line":6,"column":44}},"4":{"start":{"line":9,"column":7},"end":{"line":42,"column":null}},"5":{"start":{"line":12,"column":21},"end":{"line":12,"column":39}},"6":{"start":{"line":16,"column":4},"end":{"line":16,"column":46}},"7":{"start":{"line":20,"column":39},"end":{"line":22,"column":13}},"8":{"start":{"line":24,"column":4},"end":{"line":26,"column":5}},"9":{"start":{"line":25,"column":6},"end":{"line":25,"column":18}},"10":{"start":{"line":28,"column":4},"end":{"line":28,"column":23}},"11":{"start":{"line":32,"column":39},"end":{"line":34,"column":13}},"12":{"start":{"line":36,"column":4},"end":{"line":38,"column":5}},"13":{"start":{"line":37,"column":6},"end":{"line":37,"column":18}},"14":{"start":{"line":40,"column":4},"end":{"line":40,"column":23}},"15":{"start":{"line":9,"column":13},"end":{"line":9,"column":33}},"16":{"start":{"line":9,"column":13},"end":{"line":42,"column":null}}},"fnMap":{"0":{"name":"(anonymous_4)","decl":{"start":{"line":10,"column":2},"end":{"line":10,"column":null}},"loc":{"start":{"line":12,"column":57},"end":{"line":13,"column":6}}},"1":{"name":"(anonymous_5)","decl":{"start":{"line":15,"column":2},"end":{"line":15,"column":7}},"loc":{"start":{"line":15,"column":27},"end":{"line":17,"column":3}}},"2":{"name":"(anonymous_6)","decl":{"start":{"line":19,"column":2},"end":{"line":19,"column":7}},"loc":{"start":{"line":19,"column":32},"end":{"line":29,"column":3}}},"3":{"name":"(anonymous_7)","decl":{"start":{"line":31,"column":2},"end":{"line":31,"column":7}},"loc":{"start":{"line":31,"column":33},"end":{"line":41,"column":3}}}},"branchMap":{"0":{"loc":{"start":{"line":24,"column":4},"end":{"line":26,"column":5}},"type":"if","locations":[{"start":{"line":24,"column":4},"end":{"line":26,"column":5}}]},"1":{"loc":{"start":{"line":36,"column":4},"end":{"line":38,"column":5}},"type":"if","locations":[{"start":{"line":36,"column":4},"end":{"line":38,"column":5}}]},"2":{"loc":{"start":{"line":12,"column":39},"end":{"line":12,"column":57}},"type":"cond-expr","locations":[{"start":{"line":12,"column":49},"end":{"line":12,"column":57}},{"start":{"line":12,"column":49},"end":{"line":12,"column":57}}]},"3":{"loc":{"start":{"line":12,"column":39},"end":{"line":12,"column":49}},"type":"binary-expr","locations":[{"start":{"line":12,"column":39},"end":{"line":12,"column":57}},{"start":{"line":12,"column":39},"end":{"line":12,"column":49}}]}},"s":{"0":4,"1":4,"2":4,"3":4,"4":4,"5":4,"6":5,"7":5,"8":5,"9":4,"10":1,"11":3,"12":3,"13":1,"14":2,"15":4,"16":4},"f":{"0":4,"1":5,"2":5,"3":3},"b":{"0":[4],"1":[1],"2":[4,0],"3":[4,4]}}
,"/Users/moon/Developments/graduate-school/toby-ddd2/src/application/member-modify.service.ts": {"path":"/Users/moon/Developments/graduate-school/toby-ddd2/src/application/member-modify.service.ts","statementMap":{"0":{"start":{"line":3,"column":0},"end":{"line":3,"column":41}},"1":{"start":{"line":4,"column":0},"end":{"line":4,"column":52}},"2":{"start":{"line":5,"column":0},"end":{"line":5,"column":null}},"3":{"start":{"line":9,"column":0},"end":{"line":9,"column":null}},"4":{"start":{"line":13,"column":0},"end":{"line":13,"column":null}},"5":{"start":{"line":17,"column":0},"end":{"line":17,"column":39}},"6":{"start":{"line":18,"column":0},"end":{"line":18,"column":77}},"7":{"start":{"line":19,"column":0},"end":{"line":19,"column":null}},"8":{"start":{"line":25,"column":7},"end":{"line":83,"column":null}},"9":{"start":{"line":28,"column":21},"end":{"line":28,"column":55}},"10":{"start":{"line":30,"column":21},"end":{"line":30,"column":45}},"11":{"start":{"line":32,"column":21},"end":{"line":32,"column":53}},"12":{"start":{"line":34,"column":21},"end":{"line":34,"column":47}},"13":{"start":{"line":40,"column":4},"end":{"line":40,"column":58}},"14":{"start":{"line":42,"column":27},"end":{"line":44,"column":null}},"15":{"start":{"line":47,"column":4},"end":{"line":47,"column":45}},"16":{"start":{"line":49,"column":4},"end":{"line":49,"column":34}},"17":{"start":{"line":51,"column":4},"end":{"line":51,"column":18}},"18":{"start":{"line":55,"column":34},"end":{"line":55,"column":72}},"19":{"start":{"line":57,"column":4},"end":{"line":57,"column":22}},"20":{"start":{"line":59,"column":4},"end":{"line":59,"column":46}},"21":{"start":{"line":63,"column":4},"end":{"line":67,"column":6}},"22":{"start":{"line":73,"column":39},"end":{"line":74,"column":null}},"23":{"start":{"line":77,"column":4},"end":{"line":81,"column":5}},"24":{"start":{"line":78,"column":6},"end":{"line":80,"column":8}},"25":{"start":{"line":25,"column":13},"end":{"line":25,"column":32}},"26":{"start":{"line":25,"column":13},"end":{"line":83,"column":null}}},"fnMap":{"0":{"name":"(anonymous_4)","decl":{"start":{"line":26,"column":2},"end":{"line":26,"column":null}},"loc":{"start":{"line":34,"column":47},"end":{"line":35,"column":6}}},"1":{"name":"(anonymous_5)","decl":{"start":{"line":37,"column":2},"end":{"line":37,"column":7}},"loc":{"start":{"line":38,"column":48},"end":{"line":52,"column":3}}},"2":{"name":"(anonymous_6)","decl":{"start":{"line":54,"column":2},"end":{"line":54,"column":7}},"loc":{"start":{"line":54,"column":33},"end":{"line":60,"column":3}}},"3":{"name":"(anonymous_7)","decl":{"start":{"line":62,"column":10},"end":{"line":62,"column":26}},"loc":{"start":{"line":62,"column":41},"end":{"line":68,"column":3}}},"4":{"name":"(anonymous_8)","decl":{"start":{"line":70,"column":10},"end":{"line":70,"column":15}},"loc":{"start":{"line":71,"column":48},"end":{"line":82,"column":3}}}},"branchMap":{"0":{"loc":{"start":{"line":77,"column":4},"end":{"line":81,"column":5}},"type":"if","locations":[{"start":{"line":77,"column":4},"end":{"line":81,"column":5}}]}},"s":{"0":4,"1":4,"2":4,"3":4,"4":4,"5":4,"6":4,"7":4,"8":4,"9":4,"10":4,"11":4,"12":4,"13":6,"14":4,"15":4,"16":4,"17":4,"18":1,"19":1,"20":1,"21":4,"22":6,"23":5,"24":1,"25":4,"26":4},"f":{"0":4,"1":6,"2":1,"3":4,"4":6},"b":{"0":[1]}}
,"/Users/moon/Developments/graduate-school/toby-ddd2/src/application/member-query.service.ts": {"path":"/Users/moon/Developments/graduate-school/toby-ddd2/src/application/member-query.service.ts","statementMap":{"0":{"start":{"line":2,"column":0},"end":{"line":2,"column":52}},"1":{"start":{"line":3,"column":0},"end":{"line":3,"column":null}},"2":{"start":{"line":7,"column":0},"end":{"line":7,"column":90}},"3":{"start":{"line":11,"column":7},"end":{"line":29,"column":null}},"4":{"start":{"line":14,"column":21},"end":{"line":14,"column":55}},"5":{"start":{"line":19,"column":6},"end":{"line":19,"column":52}},"6":{"start":{"line":21,"column":4},"end":{"line":25,"column":5}},"7":{"start":{"line":22,"column":6},"end":{"line":24,"column":8}},"8":{"start":{"line":27,"column":4},"end":{"line":27,"column":18}},"9":{"start":{"line":11,"column":13},"end":{"line":11,"column":31}},"10":{"start":{"line":11,"column":13},"end":{"line":29,"column":null}}},"fnMap":{"0":{"name":"(anonymous_4)","decl":{"start":{"line":12,"column":2},"end":{"line":12,"column":null}},"loc":{"start":{"line":14,"column":55},"end":{"line":15,"column":6}}},"1":{"name":"(anonymous_5)","decl":{"start":{"line":17,"column":2},"end":{"line":17,"column":7}},"loc":{"start":{"line":17,"column":29},"end":{"line":28,"column":3}}}},"branchMap":{"0":{"loc":{"start":{"line":21,"column":4},"end":{"line":25,"column":5}},"type":"if","locations":[{"start":{"line":21,"column":4},"end":{"line":25,"column":5}}]}},"s":{"0":4,"1":4,"2":4,"3":4,"4":8,"5":3,"6":3,"7":1,"8":2,"9":4,"10":4},"f":{"0":8,"1":3},"b":{"0":[1]}}
,"/Users/moon/Developments/graduate-school/toby-ddd2/src/application/member.module.ts": {"path":"/Users/moon/Developments/graduate-school/toby-ddd2/src/application/member.module.ts","statementMap":{"0":{"start":{"line":1,"column":0},"end":{"line":1,"column":40}},"1":{"start":{"line":2,"column":0},"end":{"line":2,"column":74}},"2":{"start":{"line":3,"column":0},"end":{"line":3,"column":48}},"3":{"start":{"line":4,"column":0},"end":{"line":4,"column":41}},"4":{"start":{"line":5,"column":0},"end":{"line":5,"column":84}},"5":{"start":{"line":6,"column":0},"end":{"line":6,"column":77}},"6":{"start":{"line":7,"column":0},"end":{"line":7,"column":67}},"7":{"start":{"line":8,"column":0},"end":{"line":8,"column":61}},"8":{"start":{"line":9,"column":0},"end":{"line":9,"column":72}},"9":{"start":{"line":10,"column":0},"end":{"line":10,"column":69}},"10":{"start":{"line":36,"column":7},"end":{"line":36,"column":null}},"11":{"start":{"line":36,"column":13},"end":{"line":36,"column":25}},"12":{"start":{"line":36,"column":13},"end":{"line":36,"column":null}}},"fnMap":{},"branchMap":{},"s":{"0":4,"1":4,"2":4,"3":4,"4":4,"5":4,"6":4,"7":4,"8":4,"9":4,"10":4,"11":4,"12":4},"f":{},"b":{}}
,"/Users/moon/Developments/graduate-school/toby-ddd2/src/application/provided/member-finder.ts": {"path":"/Users/moon/Developments/graduate-school/toby-ddd2/src/application/provided/member-finder.ts","statementMap":{"0":{"start":{"line":10,"column":13},"end":{"line":10,"column":60}}},"fnMap":{},"branchMap":{},"s":{"0":4},"f":{},"b":{}}
,"/Users/moon/Developments/graduate-school/toby-ddd2/src/application/provided/member-register.ts": {"path":"/Users/moon/Developments/graduate-school/toby-ddd2/src/application/provided/member-register.ts","statementMap":{"0":{"start":{"line":13,"column":13},"end":{"line":13,"column":64}}},"fnMap":{},"branchMap":{},"s":{"0":0},"f":{},"b":{}}
,"/Users/moon/Developments/graduate-school/toby-ddd2/src/application/required/email-sender.ts": {"path":"/Users/moon/Developments/graduate-school/toby-ddd2/src/application/required/email-sender.ts","statementMap":{"0":{"start":{"line":10,"column":13},"end":{"line":10,"column":50}}},"fnMap":{},"branchMap":{},"s":{"0":4},"f":{},"b":{}}
,"/Users/moon/Developments/graduate-school/toby-ddd2/src/application/required/member-repository.ts": {"path":"/Users/moon/Developments/graduate-school/toby-ddd2/src/application/required/member-repository.ts","statementMap":{"0":{"start":{"line":15,"column":13},"end":{"line":15,"column":68}}},"fnMap":{},"branchMap":{},"s":{"0":4},"f":{},"b":{}}
,"/Users/moon/Developments/graduate-school/toby-ddd2/src/common/exceptions/illegal-argument.exception.ts": {"path":"/Users/moon/Developments/graduate-school/toby-ddd2/src/common/exceptions/illegal-argument.exception.ts","statementMap":{"0":{"start":{"line":3,"column":4},"end":{"line":3,"column":19}},"1":{"start":{"line":4,"column":4},"end":{"line":4,"column":43}},"2":{"start":{"line":1,"column":0},"end":{"line":1,"column":13}},"3":{"start":{"line":10,"column":4},"end":{"line":10,"column":19}},"4":{"start":{"line":11,"column":4},"end":{"line":11,"column":40}},"5":{"start":{"line":8,"column":0},"end":{"line":8,"column":13}}},"fnMap":{"0":{"name":"(anonymous_0)","decl":{"start":{"line":2,"column":2},"end":{"line":2,"column":14}},"loc":{"start":{"line":2,"column":29},"end":{"line":5,"column":3}}},"1":{"name":"(anonymous_1)","decl":{"start":{"line":9,"column":2},"end":{"line":9,"column":14}},"loc":{"start":{"line":9,"column":29},"end":{"line":12,"column":3}}}},"branchMap":{},"s":{"0":3,"1":3,"2":7,"3":3,"4":3,"5":7},"f":{"0":3,"1":3},"b":{}}
,"/Users/moon/Developments/graduate-school/toby-ddd2/src/common/util/assert.ts": {"path":"/Users/moon/Developments/graduate-school/toby-ddd2/src/common/util/assert.ts","statementMap":{"0":{"start":{"line":1,"column":0},"end":{"line":1,"column":87}},"1":{"start":{"line":5,"column":4},"end":{"line":7,"column":5}},"2":{"start":{"line":6,"column":6},"end":{"line":6,"column":47}},"3":{"start":{"line":14,"column":4},"end":{"line":16,"column":5}},"4":{"start":{"line":15,"column":6},"end":{"line":15,"column":31}},"5":{"start":{"line":3,"column":0},"end":{"line":3,"column":13}}},"fnMap":{"0":{"name":"(anonymous_0)","decl":{"start":{"line":4,"column":2},"end":{"line":4,"column":8}},"loc":{"start":{"line":4,"column":50},"end":{"line":8,"column":3}}},"1":{"name":"(anonymous_1)","decl":{"start":{"line":10,"column":2},"end":{"line":10,"column":8}},"loc":{"start":{"line":12,"column":19},"end":{"line":17,"column":3}}}},"branchMap":{"0":{"loc":{"start":{"line":5,"column":4},"end":{"line":7,"column":5}},"type":"if","locations":[{"start":{"line":5,"column":4},"end":{"line":7,"column":5}}]},"1":{"loc":{"start":{"line":14,"column":4},"end":{"line":16,"column":5}},"type":"if","locations":[{"start":{"line":14,"column":4},"end":{"line":16,"column":5}}]},"2":{"loc":{"start":{"line":14,"column":8},"end":{"line":14,"column":43}},"type":"binary-expr","locations":[{"start":{"line":14,"column":8},"end":{"line":14,"column":14}},{"start":{"line":14,"column":18},"end":{"line":14,"column":43}}]}},"s":{"0":5,"1":12,"2":3,"3":0,"4":0,"5":5},"f":{"0":12,"1":0},"b":{"0":[3],"1":[0],"2":[0,0]}}
,"/Users/moon/Developments/graduate-school/toby-ddd2/src/domain/duplicate-email.exception.ts": {"path":"/Users/moon/Developments/graduate-school/toby-ddd2/src/domain/duplicate-email.exception.ts","statementMap":{"0":{"start":{"line":3,"column":4},"end":{"line":3,"column":19}},"1":{"start":{"line":4,"column":4},"end":{"line":4,"column":42}},"2":{"start":{"line":1,"column":0},"end":{"line":1,"column":13}}},"fnMap":{"0":{"name":"(anonymous_0)","decl":{"start":{"line":2,"column":2},"end":{"line":2,"column":14}},"loc":{"start":{"line":2,"column":29},"end":{"line":5,"column":3}}}},"branchMap":{},"s":{"0":1,"1":1,"2":4},"f":{"0":1},"b":{}}
,"/Users/moon/Developments/graduate-school/toby-ddd2/src/domain/email.ts": {"path":"/Users/moon/Developments/graduate-school/toby-ddd2/src/domain/email.ts","statementMap":{"0":{"start":{"line":1,"column":0},"end":{"line":1,"column":90}},"1":{"start":{"line":7,"column":4},"end":{"line":7,"column":55}},"2":{"start":{"line":10,"column":4},"end":{"line":14,"column":5}},"3":{"start":{"line":11,"column":6},"end":{"line":13,"column":8}},"4":{"start":{"line":16,"column":4},"end":{"line":16,"column":28}},"5":{"start":{"line":20,"column":4},"end":{"line":20,"column":25}},"6":{"start":{"line":3,"column":0},"end":{"line":3,"column":13}}},"fnMap":{"0":{"name":"(anonymous_0)","decl":{"start":{"line":9,"column":2},"end":{"line":9,"column":14}},"loc":{"start":{"line":9,"column":29},"end":{"line":17,"column":3}}},"1":{"name":"(anonymous_1)","decl":{"start":{"line":19,"column":9},"end":{"line":19,"column":19}},"loc":{"start":{"line":19,"column":19},"end":{"line":21,"column":3}}}},"branchMap":{"0":{"loc":{"start":{"line":10,"column":4},"end":{"line":14,"column":5}},"type":"if","locations":[{"start":{"line":10,"column":4},"end":{"line":14,"column":5}}]}},"s":{"0":7,"1":7,"2":32,"3":2,"4":30,"5":19,"6":7},"f":{"0":32,"1":19},"b":{"0":[2]}}
,"/Users/moon/Developments/graduate-school/toby-ddd2/src/domain/member-register.request.ts": {"path":"/Users/moon/Developments/graduate-school/toby-ddd2/src/domain/member-register.request.ts","statementMap":{"0":{"start":{"line":1,"column":0},"end":{"line":1,"column":60}},"1":{"start":{"line":16,"column":4},"end":{"line":16,"column":23}},"2":{"start":{"line":17,"column":4},"end":{"line":17,"column":29}},"3":{"start":{"line":18,"column":4},"end":{"line":18,"column":29}},"4":{"start":{"line":3,"column":0},"end":{"line":3,"column":13}},"5":{"start":{"line":5,"column":2},"end":{"line":5,"column":null}},"6":{"start":{"line":9,"column":2},"end":{"line":9,"column":null}},"7":{"start":{"line":13,"column":2},"end":{"line":13,"column":null}}},"fnMap":{"0":{"name":"(anonymous_2)","decl":{"start":{"line":15,"column":2},"end":{"line":15,"column":14}},"loc":{"start":{"line":15,"column":63},"end":{"line":19,"column":3}}}},"branchMap":{},"s":{"0":5,"1":21,"2":21,"3":21,"4":5,"5":5,"6":5,"7":5},"f":{"0":21},"b":{}}
,"/Users/moon/Developments/graduate-school/toby-ddd2/src/domain/member-status.ts": {"path":"/Users/moon/Developments/graduate-school/toby-ddd2/src/domain/member-status.ts","statementMap":{"0":{"start":{"line":1,"column":0},"end":{"line":1,"column":null}},"1":{"start":{"line":2,"column":2},"end":{"line":2,"column":null}},"2":{"start":{"line":3,"column":2},"end":{"line":3,"column":null}},"3":{"start":{"line":4,"column":2},"end":{"line":4,"column":null}}},"fnMap":{"0":{"name":"(anonymous_0)","decl":{"start":{"line":1,"column":0},"end":{"line":1,"column":12}},"loc":{"start":{"line":1,"column":24},"end":{"line":5,"column":1}}}},"branchMap":{"0":{"loc":{"start":{"line":1,"column":12},"end":{"line":1,"column":null}},"type":"binary-expr","locations":[{"start":{"line":1,"column":12},"end":{"line":1,"column":24}},{"start":{"line":1,"column":24},"end":{"line":1,"column":null}}]}},"s":{"0":5,"1":5,"2":5,"3":5},"f":{"0":5},"b":{"0":[5,5]}}
,"/Users/moon/Developments/graduate-school/toby-ddd2/src/domain/member.ts": {"path":"/Users/moon/Developments/graduate-school/toby-ddd2/src/domain/member.ts","statementMap":{"0":{"start":{"line":1,"column":0},"end":{"line":1,"column":54}},"1":{"start":{"line":2,"column":0},"end":{"line":2,"column":46}},"2":{"start":{"line":3,"column":0},"end":{"line":3,"column":90}},"3":{"start":{"line":6,"column":0},"end":{"line":6,"column":39}},"4":{"start":{"line":7,"column":0},"end":{"line":7,"column":65}},"5":{"start":{"line":10,"column":19},"end":{"line":124,"column":null}},"6":{"start":{"line":43,"column":4},"end":{"line":52,"column":5}},"7":{"start":{"line":51,"column":6},"end":{"line":51,"column":70}},"8":{"start":{"line":53,"column":27},"end":{"line":53,"column":39}},"9":{"start":{"line":55,"column":4},"end":{"line":55,"column":50}},"10":{"start":{"line":56,"column":4},"end":{"line":56,"column":45}},"11":{"start":{"line":57,"column":4},"end":{"line":57,"column":73}},"12":{"start":{"line":59,"column":4},"end":{"line":59,"column":41}},"13":{"start":{"line":61,"column":4},"end":{"line":61,"column":18}},"14":{"start":{"line":65,"column":4},"end":{"line":68,"column":6}},"15":{"start":{"line":70,"column":4},"end":{"line":70,"column":38}},"16":{"start":{"line":74,"column":4},"end":{"line":74,"column":73}},"17":{"start":{"line":76,"column":4},"end":{"line":76,"column":43}},"18":{"start":{"line":83,"column":4},"end":{"line":83,"column":64}},"19":{"start":{"line":87,"column":4},"end":{"line":87,"column":29}},"20":{"start":{"line":94,"column":4},"end":{"line":94,"column":57}},"21":{"start":{"line":98,"column":4},"end":{"line":98,"column":47}},"22":{"start":{"line":102,"column":4},"end":{"line":102,"column":22}},"23":{"start":{"line":106,"column":4},"end":{"line":106,"column":25}},"24":{"start":{"line":110,"column":4},"end":{"line":110,"column":29}},"25":{"start":{"line":114,"column":4},"end":{"line":114,"column":23}},"26":{"start":{"line":118,"column":4},"end":{"line":118,"column":19}},"27":{"start":{"line":122,"column":4},"end":{"line":122,"column":17}},"28":{"start":{"line":10,"column":13},"end":{"line":10,"column":19}},"29":{"start":{"line":12,"column":10},"end":{"line":12,"column":null}},"30":{"start":{"line":22,"column":10},"end":{"line":22,"column":null}},"31":{"start":{"line":17,"column":29},"end":{"line":17,"column":62}},"32":{"start":{"line":18,"column":32},"end":{"line":18,"column":63}},"33":{"start":{"line":25,"column":10},"end":{"line":25,"column":null}},"34":{"start":{"line":28,"column":10},"end":{"line":28,"column":null}},"35":{"start":{"line":35,"column":10},"end":{"line":35,"column":null}},"36":{"start":{"line":10,"column":13},"end":{"line":124,"column":null}}},"fnMap":{"0":{"name":"(anonymous_2)","decl":{"start":{"line":37,"column":2},"end":{"line":37,"column":25}},"loc":{"start":{"line":37,"column":2},"end":{"line":37,"column":26}}},"1":{"name":"(anonymous_3)","decl":{"start":{"line":39,"column":9},"end":{"line":39,"column":15}},"loc":{"start":{"line":41,"column":36},"end":{"line":62,"column":3}}},"2":{"name":"(anonymous_4)","decl":{"start":{"line":64,"column":9},"end":{"line":64,"column":17}},"loc":{"start":{"line":64,"column":17},"end":{"line":71,"column":3}}},"3":{"name":"(anonymous_5)","decl":{"start":{"line":73,"column":9},"end":{"line":73,"column":19}},"loc":{"start":{"line":73,"column":19},"end":{"line":77,"column":3}}},"4":{"name":"(anonymous_6)","decl":{"start":{"line":79,"column":9},"end":{"line":79,"column":23}},"loc":{"start":{"line":81,"column":36},"end":{"line":84,"column":3}}},"5":{"name":"(anonymous_7)","decl":{"start":{"line":86,"column":9},"end":{"line":86,"column":23}},"loc":{"start":{"line":86,"column":40},"end":{"line":88,"column":3}}},"6":{"name":"(anonymous_8)","decl":{"start":{"line":90,"column":9},"end":{"line":90,"column":23}},"loc":{"start":{"line":92,"column":36},"end":{"line":95,"column":3}}},"7":{"name":"(anonymous_9)","decl":{"start":{"line":97,"column":9},"end":{"line":97,"column":17}},"loc":{"start":{"line":97,"column":17},"end":{"line":99,"column":3}}},"8":{"name":"(anonymous_10)","decl":{"start":{"line":101,"column":9},"end":{"line":101,"column":17}},"loc":{"start":{"line":101,"column":17},"end":{"line":103,"column":3}}},"9":{"name":"(anonymous_11)","decl":{"start":{"line":105,"column":9},"end":{"line":105,"column":20}},"loc":{"start":{"line":105,"column":20},"end":{"line":107,"column":3}}},"10":{"name":"(anonymous_12)","decl":{"start":{"line":109,"column":9},"end":{"line":109,"column":24}},"loc":{"start":{"line":109,"column":24},"end":{"line":111,"column":3}}},"11":{"name":"(anonymous_13)","decl":{"start":{"line":113,"column":9},"end":{"line":113,"column":18}},"loc":{"start":{"line":113,"column":18},"end":{"line":115,"column":3}}},"12":{"name":"(anonymous_14)","decl":{"start":{"line":117,"column":9},"end":{"line":117,"column":14}},"loc":{"start":{"line":117,"column":14},"end":{"line":119,"column":3}}},"13":{"name":"(anonymous_15)","decl":{"start":{"line":121,"column":9},"end":{"line":121,"column":14}},"loc":{"start":{"line":121,"column":25},"end":{"line":123,"column":3}}},"14":{"name":"(anonymous_16)","decl":{"start":{"line":17,"column":10},"end":{"line":17,"column":11}},"loc":{"start":{"line":17,"column":29},"end":{"line":17,"column":62}}},"15":{"name":"(anonymous_17)","decl":{"start":{"line":18,"column":12},"end":{"line":18,"column":13}},"loc":{"start":{"line":18,"column":32},"end":{"line":18,"column":63}}}},"branchMap":{"0":{"loc":{"start":{"line":43,"column":4},"end":{"line":52,"column":5}},"type":"if","locations":[{"start":{"line":43,"column":4},"end":{"line":52,"column":5}}]},"1":{"loc":{"start":{"line":44,"column":6},"end":{"line":49,"column":37}},"type":"binary-expr","locations":[{"start":{"line":44,"column":6},"end":{"line":44,"column":39}},{"start":{"line":45,"column":6},"end":{"line":45,"column":34}},{"start":{"line":46,"column":6},"end":{"line":46,"column":42}},{"start":{"line":47,"column":6},"end":{"line":47,"column":37}},{"start":{"line":48,"column":6},"end":{"line":48,"column":42}},{"start":{"line":49,"column":6},"end":{"line":49,"column":37}}]},"2":{"loc":{"start":{"line":17,"column":29},"end":{"line":17,"column":62}},"type":"cond-expr","locations":[{"start":{"line":17,"column":37},"end":{"line":17,"column":55}},{"start":{"line":17,"column":58},"end":{"line":17,"column":62}}]},"3":{"loc":{"start":{"line":18,"column":32},"end":{"line":18,"column":63}},"type":"cond-expr","locations":[{"start":{"line":18,"column":40},"end":{"line":18,"column":56}},{"start":{"line":18,"column":59},"end":{"line":18,"column":63}}]},"4":{"loc":{"start":{"line":22,"column":17},"end":{"line":22,"column":23}},"type":"cond-expr","locations":[{"start":{"line":22,"column":22},"end":{"line":22,"column":23}},{"start":{"line":22,"column":22},"end":{"line":22,"column":23}}]},"5":{"loc":{"start":{"line":22,"column":17},"end":{"line":22,"column":22}},"type":"binary-expr","locations":[{"start":{"line":22,"column":17},"end":{"line":22,"column":23}},{"start":{"line":22,"column":17},"end":{"line":22,"column":22}}]},"6":{"loc":{"start":{"line":35,"column":18},"end":{"line":35,"column":31}},"type":"cond-expr","locations":[{"start":{"line":35,"column":30},"end":{"line":35,"column":31}},{"start":{"line":35,"column":30},"end":{"line":35,"column":31}}]},"7":{"loc":{"start":{"line":35,"column":18},"end":{"line":35,"column":30}},"type":"binary-expr","locations":[{"start":{"line":35,"column":18},"end":{"line":35,"column":31}},{"start":{"line":35,"column":18},"end":{"line":35,"column":30}}]}},"s":{"0":5,"1":5,"2":5,"3":5,"4":5,"5":5,"6":19,"7":0,"8":19,"9":19,"10":18,"11":18,"12":18,"13":18,"14":7,"15":6,"16":5,"17":3,"18":3,"19":1,"20":1,"21":3,"22":4,"23":2,"24":0,"25":5,"26":7,"27":0,"28":5,"29":5,"30":5,"31":14,"32":4,"33":5,"34":5,"35":5,"36":5},"f":{"0":29,"1":19,"2":7,"3":5,"4":3,"5":1,"6":1,"7":3,"8":4,"9":2,"10":0,"11":5,"12":7,"13":0,"14":14,"15":4},"b":{"0":[0],"1":[19,19,19,19,19,19],"2":[14,0],"3":[4,0],"4":[5,0],"5":[5,5],"6":[0,5],"7":[5,5]}}
,"/Users/moon/Developments/graduate-school/toby-ddd2/src/domain/password-encoder.ts": {"path":"/Users/moon/Developments/graduate-school/toby-ddd2/src/domain/password-encoder.ts","statementMap":{"0":{"start":{"line":6,"column":13},"end":{"line":6,"column":58}}},"fnMap":{},"branchMap":{},"s":{"0":4},"f":{},"b":{}}
}
