TN:
SF:src/app.module.ts
FNF:0
FNH:0
DA:1,4
DA:2,4
DA:3,4
DA:4,4
DA:5,4
DA:29,4
LF:6
LH:6
BRF:0
BRH:0
end_of_record
TN:
SF:src/main.ts
FN:5,bootstrap
FNF:1
FNH:0
FNDA:0,bootstrap
DA:1,0
DA:2,0
DA:3,0
DA:6,0
DA:8,0
DA:16,0
DA:18,0
LF:7
LH:0
BRDA:16,0,0,0
BRDA:16,0,1,0
BRF:2
BRH:0
end_of_record
TN:
SF:src/adapter/integration/dummy-email-sender.ts
FN:5,(anonymous_0)
FNF:1
FNH:1
FNDA:1,(anonymous_0)
DA:4,1
DA:6,1
LF:2
LH:2
BRF:0
BRH:0
end_of_record
TN:
SF:src/adapter/persistence/member-repository-impl.ts
FN:10,(anonymous_4)
FN:15,(anonymous_5)
FN:19,(anonymous_6)
FN:31,(anonymous_7)
FNF:4
FNH:4
FNDA:4,(anonymous_4)
FNDA:5,(anonymous_5)
FNDA:5,(anonymous_6)
FNDA:3,(anonymous_7)
DA:3,4
DA:4,4
DA:5,4
DA:6,4
DA:9,4
DA:12,4
DA:16,5
DA:20,5
DA:24,5
DA:25,4
DA:28,1
DA:32,3
DA:36,3
DA:37,1
DA:40,2
LF:15
LH:15
BRDA:24,0,0,4
BRDA:36,1,0,1
BRDA:12,2,0,4
BRDA:12,2,1,0
BRDA:12,3,0,4
BRDA:12,3,1,4
BRF:6
BRH:5
end_of_record
TN:
SF:src/application/member-modify.service.ts
FN:26,(anonymous_4)
FN:37,(anonymous_5)
FN:54,(anonymous_6)
FN:62,(anonymous_7)
FN:70,(anonymous_8)
FNF:5
FNH:5
FNDA:4,(anonymous_4)
FNDA:6,(anonymous_5)
FNDA:1,(anonymous_6)
FNDA:4,(anonymous_7)
FNDA:6,(anonymous_8)
DA:3,4
DA:4,4
DA:5,4
DA:9,4
DA:13,4
DA:17,4
DA:18,4
DA:19,4
DA:25,4
DA:28,4
DA:30,4
DA:32,4
DA:34,4
DA:40,6
DA:42,4
DA:47,4
DA:49,4
DA:51,4
DA:55,1
DA:57,1
DA:59,1
DA:63,4
DA:73,6
DA:77,5
DA:78,1
LF:25
LH:25
BRDA:77,0,0,1
BRF:1
BRH:1
end_of_record
TN:
SF:src/application/member-query.service.ts
FN:12,(anonymous_4)
FN:17,(anonymous_5)
FNF:2
FNH:2
FNDA:8,(anonymous_4)
FNDA:3,(anonymous_5)
DA:2,4
DA:3,4
DA:7,4
DA:11,4
DA:14,8
DA:19,3
DA:21,3
DA:22,1
DA:27,2
LF:9
LH:9
BRDA:21,0,0,1
BRF:1
BRH:1
end_of_record
TN:
SF:src/application/member.module.ts
FNF:0
FNH:0
DA:1,4
DA:2,4
DA:3,4
DA:4,4
DA:5,4
DA:6,4
DA:7,4
DA:8,4
DA:9,4
DA:10,4
DA:36,4
LF:11
LH:11
BRF:0
BRH:0
end_of_record
TN:
SF:src/application/provided/member-finder.ts
FNF:0
FNH:0
DA:10,4
LF:1
LH:1
BRF:0
BRH:0
end_of_record
TN:
SF:src/application/provided/member-register.ts
FNF:0
FNH:0
DA:13,0
LF:1
LH:0
BRF:0
BRH:0
end_of_record
TN:
SF:src/application/required/email-sender.ts
FNF:0
FNH:0
DA:10,4
LF:1
LH:1
BRF:0
BRH:0
end_of_record
TN:
SF:src/application/required/member-repository.ts
FNF:0
FNH:0
DA:15,4
LF:1
LH:1
BRF:0
BRH:0
end_of_record
TN:
SF:src/common/exceptions/illegal-argument.exception.ts
FN:2,(anonymous_0)
FN:9,(anonymous_1)
FNF:2
FNH:2
FNDA:3,(anonymous_0)
FNDA:3,(anonymous_1)
DA:1,7
DA:3,3
DA:4,3
DA:8,7
DA:10,3
DA:11,3
LF:6
LH:6
BRF:0
BRH:0
end_of_record
TN:
SF:src/common/util/assert.ts
FN:4,(anonymous_0)
FN:10,(anonymous_1)
FNF:2
FNH:1
FNDA:12,(anonymous_0)
FNDA:0,(anonymous_1)
DA:1,5
DA:3,5
DA:5,12
DA:6,3
DA:14,0
DA:15,0
LF:6
LH:4
BRDA:5,0,0,3
BRDA:14,1,0,0
BRDA:14,2,0,0
BRDA:14,2,1,0
BRF:4
BRH:1
end_of_record
TN:
SF:src/domain/duplicate-email.exception.ts
FN:2,(anonymous_0)
FNF:1
FNH:1
FNDA:1,(anonymous_0)
DA:1,4
DA:3,1
DA:4,1
LF:3
LH:3
BRF:0
BRH:0
end_of_record
TN:
SF:src/domain/email.ts
FN:9,(anonymous_0)
FN:19,(anonymous_1)
FNF:2
FNH:2
FNDA:32,(anonymous_0)
FNDA:19,(anonymous_1)
DA:1,7
DA:3,7
DA:7,7
DA:10,32
DA:11,2
DA:16,30
DA:20,19
LF:7
LH:7
BRDA:10,0,0,2
BRF:1
BRH:1
end_of_record
TN:
SF:src/domain/member-register.request.ts
FN:15,(anonymous_2)
FNF:1
FNH:1
FNDA:21,(anonymous_2)
DA:1,5
DA:3,5
DA:5,5
DA:9,5
DA:13,5
DA:16,21
DA:17,21
DA:18,21
LF:8
LH:8
BRF:0
BRH:0
end_of_record
TN:
SF:src/domain/member-status.ts
FN:1,(anonymous_0)
FNF:1
FNH:1
FNDA:5,(anonymous_0)
DA:1,5
DA:2,5
DA:3,5
DA:4,5
LF:4
LH:4
BRDA:1,0,0,5
BRDA:1,0,1,5
BRF:2
BRH:2
end_of_record
TN:
SF:src/domain/member.ts
FN:37,(anonymous_2)
FN:39,(anonymous_3)
FN:64,(anonymous_4)
FN:73,(anonymous_5)
FN:79,(anonymous_6)
FN:86,(anonymous_7)
FN:90,(anonymous_8)
FN:97,(anonymous_9)
FN:101,(anonymous_10)
FN:105,(anonymous_11)
FN:109,(anonymous_12)
FN:113,(anonymous_13)
FN:117,(anonymous_14)
FN:121,(anonymous_15)
FN:17,(anonymous_16)
FN:18,(anonymous_17)
FNF:16
FNH:14
FNDA:29,(anonymous_2)
FNDA:19,(anonymous_3)
FNDA:7,(anonymous_4)
FNDA:5,(anonymous_5)
FNDA:3,(anonymous_6)
FNDA:1,(anonymous_7)
FNDA:1,(anonymous_8)
FNDA:3,(anonymous_9)
FNDA:4,(anonymous_10)
FNDA:2,(anonymous_11)
FNDA:0,(anonymous_12)
FNDA:5,(anonymous_13)
FNDA:7,(anonymous_14)
FNDA:0,(anonymous_15)
FNDA:14,(anonymous_16)
FNDA:4,(anonymous_17)
DA:1,5
DA:2,5
DA:3,5
DA:6,5
DA:7,5
DA:10,5
DA:12,5
DA:17,14
DA:18,4
DA:22,5
DA:25,5
DA:28,5
DA:35,5
DA:43,19
DA:51,0
DA:53,19
DA:55,19
DA:56,18
DA:57,18
DA:59,18
DA:61,18
DA:65,7
DA:70,6
DA:74,5
DA:76,3
DA:83,3
DA:87,1
DA:94,1
DA:98,3
DA:102,4
DA:106,2
DA:110,0
DA:114,5
DA:118,7
DA:122,0
LF:35
LH:32
BRDA:43,0,0,0
BRDA:44,1,0,19
BRDA:44,1,1,19
BRDA:44,1,2,19
BRDA:44,1,3,19
BRDA:44,1,4,19
BRDA:44,1,5,19
BRDA:17,2,0,14
BRDA:17,2,1,0
BRDA:18,3,0,4
BRDA:18,3,1,0
BRDA:22,4,0,5
BRDA:22,4,1,0
BRDA:22,5,0,5
BRDA:22,5,1,5
BRDA:35,6,0,0
BRDA:35,6,1,5
BRDA:35,7,0,5
BRDA:35,7,1,5
BRF:19
BRH:14
end_of_record
TN:
SF:src/domain/password-encoder.ts
FNF:0
FNH:0
DA:6,4
LF:1
LH:1
BRF:0
BRH:0
end_of_record
